<?xml version="1.0" encoding="UTF-8"?>
<!-- Generated by org.testng.reporters.JUnitXMLReporter -->
<testsuite ignored="0" hostname="LAPTOP-28D0TQ3R" failures="0" tests="3" name="Default test" time="0.633" errors="0" timestamp="2026-01-07T16:52:24 IST">
  <testcase classname="com.practice.TestNg.D_DataProvider_With_Excel" name="userDetailsFromExcel" time="0.008"/>
  <testcase classname="com.practice.TestNg.D_DataProvider_With_Excel" name="userDetailsFromExcel" time="0.002"/>
  <testcase classname="com.practice.TestNg.D_DataProvider_With_Excel" name="userDetailsFromExcel" time="0.001"/>
</testsuite> <!-- Default test -->
