<?xml version="1.0" encoding="UTF-8"?>
<!-- Generated by org.testng.reporters.JUnitXMLReporter -->
<testsuite ignored="0" hostname="LAPTOP-28D0TQ3R" failures="0" tests="3" name="Default test" time="0.059" errors="0" timestamp="2026-01-07T15:53:27 IST">
  <testcase classname="com.practice.TestNg.D_DataProvider" name="userLoging" time="0.009"/>
  <testcase classname="com.practice.TestNg.D_DataProvider" name="userLoging" time="0.0"/>
  <testcase classname="com.practice.TestNg.D_DataProvider" name="userLoging" time="0.0"/>
</testsuite> <!-- Default test -->
