<?xml version="1.0" encoding="UTF-8"?>
<!-- Generated by org.testng.reporters.JUnitXMLReporter -->
<testsuite ignored="0" hostname="LAPTOP-28D0TQ3R" failures="0" tests="3" name="test-1" time="0.049" errors="0" timestamp="2026-01-07T15:06:32 IST">
  <testcase classname="com.practice.TestNg.S_SuiteFileUnderstanding" name="TC1" time="0.011"/>
  <testcase classname="com.practice.TestNg.S_SuiteFileUnderstanding" name="TC2" time="0.001"/>
  <testcase classname="com.practice.TestNg.S_SuiteFileUnderstanding" name="TC3" time="0.0"/>
</testsuite> <!-- test-1 -->
