<?xml version="1.0" encoding="UTF-8"?>
<testng-results ignored="0" total="5" passed="2" failed="1" skipped="2">
  <reporter-output>
  </reporter-output>
  <suite started-at="2026-01-07T15:28:45 IST" name="Default suite" finished-at="2026-01-07T15:28:45 IST" duration-ms="63">
    <groups>
    </groups>
    <test started-at="2026-01-07T15:28:45 IST" name="Default test" finished-at="2026-01-07T15:28:45 IST" duration-ms="63">
      <class name="com.practice.TestNg.D_DependsOnMethod">
        <test-method signature="registration()[pri:0, instance:com.practice.TestNg.D_DependsOnMethod@51399530]" started-at="2026-01-07T15:28:45 IST" name="registration" finished-at="2026-01-07T15:28:45 IST" duration-ms="10" status="PASS">
          <reporter-output>
          </reporter-output>
        </test-method> <!-- registration -->
        <test-method signature="loginUser()[pri:0, instance:com.practice.TestNg.D_DependsOnMethod@51399530]" started-at="2026-01-07T15:28:45 IST" name="loginUser" finished-at="2026-01-07T15:28:45 IST" depends-on-methods="com.practice.TestNg.D_DependsOnMethod.registration" duration-ms="2" status="PASS">
          <reporter-output>
          </reporter-output>
        </test-method> <!-- loginUser -->
        <test-method signature="searchProducts()[pri:0, instance:com.practice.TestNg.D_DependsOnMethod@51399530]" started-at="2026-01-07T15:28:45 IST" name="searchProducts" finished-at="2026-01-07T15:28:45 IST" depends-on-methods="com.practice.TestNg.D_DependsOnMethod.loginUser" duration-ms="1" status="FAIL">
          <exception class="java.lang.ArithmeticException">
            <message>
              <![CDATA[/ by zero]]>
            </message>
            <full-stacktrace>
              <![CDATA[java.lang.ArithmeticException: / by zero
at com.practice.TestNg.D_DependsOnMethod.searchProducts(D_DependsOnMethod.java:19)
at java.base/jdk.internal.reflect.DirectMethodHandleAccessor.invoke(DirectMethodHandleAccessor.java:103)
at java.base/java.lang.reflect.Method.invoke(Method.java:580)
at org.testng.internal.invokers.MethodInvocationHelper.invokeMethod(MethodInvocationHelper.java:141)
at org.testng.internal.invokers.TestInvoker.invokeMethod(TestInvoker.java:687)
at org.testng.internal.invokers.TestInvoker.invokeTestMethod(TestInvoker.java:230)
at org.testng.internal.invokers.MethodRunner.runInSequence(MethodRunner.java:63)
at org.testng.internal.invokers.TestInvoker$MethodInvocationAgent.invoke(TestInvoker.java:995)
at org.testng.internal.invokers.TestInvoker.invokeTestMethods(TestInvoker.java:203)
at org.testng.internal.invokers.TestMethodWorker.invokeTestMethods(TestMethodWorker.java:154)
at org.testng.internal.invokers.TestMethodWorker.run(TestMethodWorker.java:134)
at java.base/java.util.ArrayList.forEach(ArrayList.java:1596)
at org.testng.TestRunner.privateRun(TestRunner.java:741)
at org.testng.TestRunner.run(TestRunner.java:616)
at org.testng.SuiteRunner.runTest(SuiteRunner.java:421)
at org.testng.SuiteRunner.runSequentially(SuiteRunner.java:413)
at org.testng.SuiteRunner.privateRun(SuiteRunner.java:373)
at org.testng.SuiteRunner.run(SuiteRunner.java:312)
at org.testng.SuiteRunnerWorker.runSuite(SuiteRunnerWorker.java:52)
at org.testng.SuiteRunnerWorker.run(SuiteRunnerWorker.java:95)
at org.testng.TestNG.runSuitesSequentially(TestNG.java:1274)
at org.testng.TestNG.runSuitesLocally(TestNG.java:1208)
at org.testng.TestNG.runSuites(TestNG.java:1112)
at org.testng.TestNG.run(TestNG.java:1079)
at org.testng.remote.AbstractRemoteTestNG.run(AbstractRemoteTestNG.java:115)
at org.testng.remote.RemoteTestNG.initAndRun(RemoteTestNG.java:293)
at org.testng.remote.RemoteTestNG.main(RemoteTestNG.java:91)
]]>
            </full-stacktrace>
          </exception> <!-- java.lang.ArithmeticException -->
          <reporter-output>
          </reporter-output>
        </test-method> <!-- searchProducts -->
        <test-method signature="addToCart()[pri:0, instance:com.practice.TestNg.D_DependsOnMethod@51399530]" started-at="2026-01-07T15:28:45 IST" name="addToCart" finished-at="2026-01-07T15:28:45 IST" depends-on-methods="com.practice.TestNg.D_DependsOnMethod.searchProducts" duration-ms="0" status="SKIP">
          <exception class="java.lang.Throwable">
            <message>
              <![CDATA[Method com.practice.TestNg.D_DependsOnMethod.addToCart() on instance com.practice.TestNg.D_DependsOnMethod@51399530 depends on not successfully finished methods 
[com.practice.TestNg.D_DependsOnMethod.searchProducts() on instance com.practice.TestNg.D_DependsOnMethod@51399530]]]>
            </message>
            <full-stacktrace>
              <![CDATA[java.lang.Throwable: Method com.practice.TestNg.D_DependsOnMethod.addToCart() on instance com.practice.TestNg.D_DependsOnMethod@51399530 depends on not successfully finished methods 
[com.practice.TestNg.D_DependsOnMethod.searchProducts() on instance com.practice.TestNg.D_DependsOnMethod@51399530]
at org.testng.internal.invokers.TestInvoker.invokeTestMethods(TestInvoker.java:159)
at org.testng.internal.invokers.TestMethodWorker.invokeTestMethods(TestMethodWorker.java:154)
at org.testng.internal.invokers.TestMethodWorker.run(TestMethodWorker.java:134)
at java.base/java.util.ArrayList.forEach(ArrayList.java:1596)
at org.testng.TestRunner.privateRun(TestRunner.java:741)
at org.testng.TestRunner.run(TestRunner.java:616)
at org.testng.SuiteRunner.runTest(SuiteRunner.java:421)
at org.testng.SuiteRunner.runSequentially(SuiteRunner.java:413)
at org.testng.SuiteRunner.privateRun(SuiteRunner.java:373)
at org.testng.SuiteRunner.run(SuiteRunner.java:312)
at org.testng.SuiteRunnerWorker.runSuite(SuiteRunnerWorker.java:52)
at org.testng.SuiteRunnerWorker.run(SuiteRunnerWorker.java:95)
at org.testng.TestNG.runSuitesSequentially(TestNG.java:1274)
at org.testng.TestNG.runSuitesLocally(TestNG.java:1208)
at org.testng.TestNG.runSuites(TestNG.java:1112)
at org.testng.TestNG.run(TestNG.java:1079)
at org.testng.remote.AbstractRemoteTestNG.run(AbstractRemoteTestNG.java:115)
at org.testng.remote.RemoteTestNG.initAndRun(RemoteTestNG.java:293)
at org.testng.remote.RemoteTestNG.main(RemoteTestNG.java:91)
]]>
            </full-stacktrace>
          </exception> <!-- java.lang.Throwable -->
          <reporter-output>
          </reporter-output>
        </test-method> <!-- addToCart -->
        <test-method signature="orderTheProduct()[pri:0, instance:com.practice.TestNg.D_DependsOnMethod@51399530]" started-at="2026-01-07T15:28:45 IST" name="orderTheProduct" finished-at="2026-01-07T15:28:45 IST" depends-on-methods="com.practice.TestNg.D_DependsOnMethod.addToCart" duration-ms="1" status="SKIP">
          <exception class="java.lang.Throwable">
            <message>
              <![CDATA[Method com.practice.TestNg.D_DependsOnMethod.orderTheProduct() on instance com.practice.TestNg.D_DependsOnMethod@51399530 depends on not successfully finished methods 
[com.practice.TestNg.D_DependsOnMethod.addToCart() on instance com.practice.TestNg.D_DependsOnMethod@51399530]]]>
            </message>
            <full-stacktrace>
              <![CDATA[java.lang.Throwable: Method com.practice.TestNg.D_DependsOnMethod.orderTheProduct() on instance com.practice.TestNg.D_DependsOnMethod@51399530 depends on not successfully finished methods 
[com.practice.TestNg.D_DependsOnMethod.addToCart() on instance com.practice.TestNg.D_DependsOnMethod@51399530]
at org.testng.internal.invokers.TestInvoker.invokeTestMethods(TestInvoker.java:159)
at org.testng.internal.invokers.TestMethodWorker.invokeTestMethods(TestMethodWorker.java:154)
at org.testng.internal.invokers.TestMethodWorker.run(TestMethodWorker.java:134)
at java.base/java.util.ArrayList.forEach(ArrayList.java:1596)
at org.testng.TestRunner.privateRun(TestRunner.java:741)
at org.testng.TestRunner.run(TestRunner.java:616)
at org.testng.SuiteRunner.runTest(SuiteRunner.java:421)
at org.testng.SuiteRunner.runSequentially(SuiteRunner.java:413)
at org.testng.SuiteRunner.privateRun(SuiteRunner.java:373)
at org.testng.SuiteRunner.run(SuiteRunner.java:312)
at org.testng.SuiteRunnerWorker.runSuite(SuiteRunnerWorker.java:52)
at org.testng.SuiteRunnerWorker.run(SuiteRunnerWorker.java:95)
at org.testng.TestNG.runSuitesSequentially(TestNG.java:1274)
at org.testng.TestNG.runSuitesLocally(TestNG.java:1208)
at org.testng.TestNG.runSuites(TestNG.java:1112)
at org.testng.TestNG.run(TestNG.java:1079)
at org.testng.remote.AbstractRemoteTestNG.run(AbstractRemoteTestNG.java:115)
at org.testng.remote.RemoteTestNG.initAndRun(RemoteTestNG.java:293)
at org.testng.remote.RemoteTestNG.main(RemoteTestNG.java:91)
]]>
            </full-stacktrace>
          </exception> <!-- java.lang.Throwable -->
          <reporter-output>
          </reporter-output>
        </test-method> <!-- orderTheProduct -->
      </class> <!-- com.practice.TestNg.D_DependsOnMethod -->
    </test> <!-- Default test -->
  </suite> <!-- Default suite -->
</testng-results>
