<?xml version="1.0" encoding="UTF-8"?>
<testng-results ignored="0" total="3" passed="3" failed="0" skipped="0">
  <reporter-output>
  </reporter-output>
  <suite started-at="2026-01-07T16:52:23 IST" name="Default suite" finished-at="2026-01-07T16:52:24 IST" duration-ms="633">
    <groups>
    </groups>
    <test started-at="2026-01-07T16:52:23 IST" name="Default test" finished-at="2026-01-07T16:52:24 IST" duration-ms="633">
      <class name="com.practice.TestNg.D_DataProvider_With_Excel">
        <test-method signature="userDetailsFromExcel(java.lang.String,java.lang.String,java.lang.String)[pri:0, instance:com.practice.TestNg.D_DataProvider_With_Excel@702657cc]" started-at="2026-01-07T16:52:24 IST" name="userDetailsFromExcel" data-provider="data" finished-at="2026-01-07T16:52:24 IST" duration-ms="8" status="PASS">
          <params>
            <param index="0">
              <value>
                <![CDATA[1.0]]>
              </value>
            </param>
            <param index="1">
              <value>
                <![CDATA[Prasad]]>
              </value>
            </param>
            <param index="2">
              <value>
                <![CDATA[Prasad@51]]>
              </value>
            </param>
          </params>
          <reporter-output>
          </reporter-output>
        </test-method> <!-- userDetailsFromExcel -->
        <test-method signature="userDetailsFromExcel(java.lang.String,java.lang.String,java.lang.String)[pri:0, instance:com.practice.TestNg.D_DataProvider_With_Excel@702657cc]" started-at="2026-01-07T16:52:24 IST" name="userDetailsFromExcel" data-provider="data" finished-at="2026-01-07T16:52:24 IST" duration-ms="2" status="PASS">
          <params>
            <param index="0">
              <value>
                <![CDATA[2.0]]>
              </value>
            </param>
            <param index="1">
              <value>
                <![CDATA[Steve]]>
              </value>
            </param>
            <param index="2">
              <value>
                <![CDATA[Steve@52]]>
              </value>
            </param>
          </params>
          <reporter-output>
          </reporter-output>
        </test-method> <!-- userDetailsFromExcel -->
        <test-method signature="userDetailsFromExcel(java.lang.String,java.lang.String,java.lang.String)[pri:0, instance:com.practice.TestNg.D_DataProvider_With_Excel@702657cc]" started-at="2026-01-07T16:52:24 IST" name="userDetailsFromExcel" data-provider="data" finished-at="2026-01-07T16:52:24 IST" duration-ms="1" status="PASS">
          <params>
            <param index="0">
              <value>
                <![CDATA[3.0]]>
              </value>
            </param>
            <param index="1">
              <value>
                <![CDATA[Jhon]]>
              </value>
            </param>
            <param index="2">
              <value>
                <![CDATA[Jhon@53]]>
              </value>
            </param>
          </params>
          <reporter-output>
          </reporter-output>
        </test-method> <!-- userDetailsFromExcel -->
      </class> <!-- com.practice.TestNg.D_DataProvider_With_Excel -->
    </test> <!-- Default test -->
  </suite> <!-- Default suite -->
</testng-results>
