<?xml version="1.0" encoding="UTF-8"?>
<!-- Generated by org.testng.reporters.JUnitReportReporter -->
<testsuite hostname="LAPTOP-28D0TQ3R" failures="0" tests="3" name="com.practice.TestNg.D_DataProvider" time="0.009" errors="0" timestamp="2026-01-07T15:53:27 IST" skipped="0">
  <testcase classname="com.practice.TestNg.D_DataProvider" name="userLoging" time="0.000"/>
  <testcase classname="com.practice.TestNg.D_DataProvider" name="userLoging" time="0.000"/>
  <testcase classname="com.practice.TestNg.D_DataProvider" name="userLoging" time="0.009"/>
</testsuite> <!-- com.practice.TestNg.D_DataProvider -->
