<?xml version="1.0" encoding="UTF-8"?>
<!-- Generated by org.testng.reporters.JUnitReportReporter -->
<testsuite hostname="LAPTOP-28D0TQ3R" failures="0" tests="1" name="com.practice.browserWindowManagementMethods.C_Working_With_GetSizeMethod" time="12.185" errors="0" timestamp="2026-01-07T13:25:02 IST" skipped="0">
  <testcase classname="com.practice.browserWindowManagementMethods.C_Working_With_GetSizeMethod" name="getSizeOfElement" time="12.185"/>
</testsuite> <!-- com.practice.browserWindowManagementMethods.C_Working_With_GetSizeMethod -->
