<?xml version="1.0" encoding="UTF-8"?>
<!-- Generated by org.testng.reporters.JUnitReportReporter -->
<testsuite hostname="LAPTOP-28D0TQ3R" failures="0" tests="3" name="com.practice.TestNg.S_SuiteFileUnderstanding" time="0.009" errors="0" timestamp="2026-01-07T15:08:15 IST" skipped="1">
  <testcase classname="com.practice.TestNg.S_SuiteFileUnderstanding" name="TC2" time="0.008"/>
  <testcase classname="com.practice.TestNg.S_SuiteFileUnderstanding" name="TC3" time="0.001"/>
  <testcase classname="com.practice.TestNg.S_SuiteFileUnderstanding" name="TC1">
    <skipped/>
  </testcase> <!-- TC1 -->
</testsuite> <!-- com.practice.TestNg.S_SuiteFileUnderstanding -->
