<?xml version="1.0" encoding="UTF-8"?>
<!-- Generated by org.testng.reporters.JUnitReportReporter -->
<testsuite hostname="LAPTOP-28D0TQ3R" failures="0" tests="2" name="com.practice.TestNg.C_CrossBrowserTesting" time="8.846" errors="0" timestamp="2026-01-07T14:56:46 IST" skipped="0">
  <testcase classname="com.practice.TestNg.C_CrossBrowserTesting" name="crossBrowserTesting" time="3.874"/>
  <testcase classname="com.practice.TestNg.C_CrossBrowserTesting" name="crossBrowserTesting" time="4.972"/>
</testsuite> <!-- com.practice.TestNg.C_CrossBrowserTesting -->
