<?xml version="1.0" encoding="UTF-8"?>
<!-- Generated by org.testng.reporters.JUnitReportReporter -->
<testsuite hostname="LAPTOP-28D0TQ3R" failures="0" tests="1" name="com.practice.browserWindowManagementMethods.A_Working_With_Positions" time="13.356" errors="0" timestamp="2026-01-07T12:41:04 IST" skipped="0">
  <testcase classname="com.practice.browserWindowManagementMethods.A_Working_With_Positions" name="handlingWindowPosition" time="13.356"/>
</testsuite> <!-- com.practice.browserWindowManagementMethods.A_Working_With_Positions -->
