<?xml version="1.0" encoding="UTF-8"?>
<!-- Generated by org.testng.reporters.JUnitReportReporter -->
<testsuite hostname="LAPTOP-28D0TQ3R" failures="0" tests="3" name="com.practice.TestNg.D_DataProvider_With_Excel" time="0.012" errors="0" timestamp="2026-01-07T16:30:40 IST" skipped="0">
  <testcase classname="com.practice.TestNg.D_DataProvider_With_Excel" name="userDetailsFromExcel" time="0.001"/>
  <testcase classname="com.practice.TestNg.D_DataProvider_With_Excel" name="userDetailsFromExcel" time="0.001"/>
  <testcase classname="com.practice.TestNg.D_DataProvider_With_Excel" name="userDetailsFromExcel" time="0.010"/>
</testsuite> <!-- com.practice.TestNg.D_DataProvider_With_Excel -->
