<?xml version="1.0" encoding="UTF-8"?>
<!-- Generated by org.testng.reporters.JUnitReportReporter -->
<testsuite hostname="LAPTOP-28D0TQ3R" failures="0" tests="1" name="com.practice.browserWindowManagementMethods.B_Working_With_GetLocationMethod" time="4.755" errors="0" timestamp="2026-01-07T12:49:48 IST" skipped="0">
  <testcase classname="com.practice.browserWindowManagementMethods.B_Working_With_GetLocationMethod" name="getLocationOfElement" time="4.755"/>
</testsuite> <!-- com.practice.browserWindowManagementMethods.B_Working_With_GetLocationMethod -->
